<?xml version="1.0" encoding="UTF-8"?>
<!-- Generated by org.testng.reporters.JUnitXMLReporter -->
<testsuite hostname="EIL-IT-990-09" name="Testcases2" tests="5" failures="0" timestamp="26 May 2016 13:37:27 GMT" time="0.028" errors="0">
  <testcase name="Home" time="0.0" classname="com.selenium.hybrid.testcases.Testcase2">
    <skipped/>
  </testcase> <!-- Home -->
  <testcase name="Menu" time="0.0" classname="com.selenium.hybrid.testcases.Testcase2">
    <skipped/>
  </testcase> <!-- Menu -->
  <testcase name="Panels" time="0.0" classname="com.selenium.hybrid.testcases.Testcase2">
    <skipped/>
  </testcase> <!-- Panels -->
  <testcase name="ToDo" time="0.0" classname="com.selenium.hybrid.testcases.Testcase2">
    <skipped/>
  </testcase> <!-- ToDo -->
  <testcase name="support" time="0.0" classname="com.selenium.hybrid.testcases.Testcase2">
    <skipped/>
  </testcase> <!-- support -->
</testsuite> <!-- Testcases2 -->
