<?xml version="1.0" encoding="UTF-8"?>
<!-- Generated by org.testng.reporters.JUnitXMLReporter -->
<testsuite hostname="EIL-IT-990-09" name="Default test" tests="3" failures="0" timestamp="26 May 2016 13:57:09 GMT" time="0.336" errors="0">
  <testcase name="Incorrectlogin" time="0.0" classname="com.selenium.hybrid.testcases.Login">
    <skipped/>
  </testcase> <!-- Incorrectlogin -->
  <testcase name="LoginTest" time="0.0" classname="com.selenium.hybrid.testcases.Login">
    <skipped/>
  </testcase> <!-- LoginTest -->
  <testcase name="Logout" time="0.0" classname="com.selenium.hybrid.testcases.Login">
    <skipped/>
  </testcase> <!-- Logout -->
</testsuite> <!-- Default test -->
